<?xml version="1.0" encoding="UTF-8"?>
<testsuite name="com.mindex.challenge.ChallengeApplicationTests" tests="1" skipped="0" failures="0" errors="0" timestamp="2024-08-31T12:32:11" hostname="Jordans-MacBook-Air-2.local" time="0.004">
  <properties/>
  <testcase name="contextLoads" classname="com.mindex.challenge.ChallengeApplicationTests" time="0.004"/>
  <system-out><![CDATA[2024-08-31 08:32:11.250  INFO 8090 --- [    Test worker] .b.t.c.SpringBootTestContextBootstrapper : Neither @ContextConfiguration nor @ContextHierarchy found for test class [com.mindex.challenge.ChallengeApplicationTests], using SpringBootContextLoader
2024-08-31 08:32:11.256  INFO 8090 --- [    Test worker] o.s.t.c.support.AbstractContextLoader    : Could not detect default resource locations for test class [com.mindex.challenge.ChallengeApplicationTests]: no resource found for suffixes {-context.xml, Context.groovy}.
2024-08-31 08:32:11.257  INFO 8090 --- [    Test worker] t.c.s.AnnotationConfigContextLoaderUtils : Could not detect default configuration classes for test class [com.mindex.challenge.ChallengeApplicationTests]: ChallengeApplicationTests does not declare any static, non-private, non-final, nested classes annotated with @Configuration.
2024-08-31 08:32:11.268  INFO 8090 --- [    Test worker] .b.t.c.SpringBootTestContextBootstrapper : Found @SpringBootConfiguration com.mindex.challenge.ChallengeApplication for test class com.mindex.challenge.ChallengeApplicationTests
2024-08-31 08:32:11.277  INFO 8090 --- [    Test worker] .b.t.c.SpringBootTestContextBootstrapper : Loaded default TestExecutionListener class names from location [META-INF/spring.factories]: [org.springframework.boot.test.autoconfigure.restdocs.RestDocsTestExecutionListener, org.springframework.boot.test.autoconfigure.web.client.MockRestServiceServerResetTestExecutionListener, org.springframework.boot.test.autoconfigure.web.servlet.MockMvcPrintOnlyOnFailureTestExecutionListener, org.springframework.boot.test.autoconfigure.web.servlet.WebDriverTestExecutionListener, org.springframework.boot.test.mock.mockito.MockitoTestExecutionListener, org.springframework.boot.test.mock.mockito.ResetMocksTestExecutionListener, org.springframework.test.context.web.ServletTestExecutionListener, org.springframework.test.context.support.DirtiesContextBeforeModesTestExecutionListener, org.springframework.test.context.support.DependencyInjectionTestExecutionListener, org.springframework.test.context.support.DirtiesContextTestExecutionListener, org.springframework.test.context.transaction.TransactionalTestExecutionListener, org.springframework.test.context.jdbc.SqlScriptsTestExecutionListener, org.springframework.test.context.event.EventPublishingTestExecutionListener]
2024-08-31 08:32:11.278  INFO 8090 --- [    Test worker] .b.t.c.SpringBootTestContextBootstrapper : Using TestExecutionListeners: [org.springframework.test.context.web.ServletTestExecutionListener@74bc0d8, org.springframework.test.context.support.DirtiesContextBeforeModesTestExecutionListener@f45441a, org.springframework.boot.test.mock.mockito.MockitoTestExecutionListener@46e7be22, org.springframework.boot.test.autoconfigure.SpringBootDependencyInjectionTestExecutionListener@6755afb5, org.springframework.test.context.support.DirtiesContextTestExecutionListener@3ec1fe87, org.springframework.test.context.transaction.TransactionalTestExecutionListener@1b8108d1, org.springframework.test.context.jdbc.SqlScriptsTestExecutionListener@606cb32d, org.springframework.test.context.event.EventPublishingTestExecutionListener@2a0e8092, org.springframework.boot.test.autoconfigure.restdocs.RestDocsTestExecutionListener@1b0a6692, org.springframework.boot.test.autoconfigure.web.client.MockRestServiceServerResetTestExecutionListener@8de32a2, org.springframework.boot.test.autoconfigure.web.servlet.MockMvcPrintOnlyOnFailureTestExecutionListener@dae0d4f, org.springframework.boot.test.autoconfigure.web.servlet.WebDriverTestExecutionListener@537a1678, org.springframework.boot.test.mock.mockito.ResetMocksTestExecutionListener@1b8cc473]
]]></system-out>
  <system-err><![CDATA[]]></system-err>
</testsuite>
