<?xml version="1.0" encoding="UTF-8"?>
<testsuite name="com.mindex.challenge.service.impl.EmployeeServiceImplTest" tests="1" skipped="0" failures="0" errors="0" timestamp="2024-08-31T12:32:10" hostname="Jordans-MacBook-Air-2.local" time="0.361">
  <properties/>
  <testcase name="testCreateReadUpdate" classname="com.mindex.challenge.service.impl.EmployeeServiceImplTest" time="0.361"/>
  <system-out><![CDATA[2024-08-31 08:32:08.956  INFO 8090 --- [    Test worker] .b.t.c.SpringBootTestContextBootstrapper : Neither @ContextConfiguration nor @ContextHierarchy found for test class [com.mindex.challenge.service.impl.EmployeeServiceImplTest], using SpringBootContextLoader
2024-08-31 08:32:08.958  INFO 8090 --- [    Test worker] o.s.t.c.support.AbstractContextLoader    : Could not detect default resource locations for test class [com.mindex.challenge.service.impl.EmployeeServiceImplTest]: no resource found for suffixes {-context.xml, Context.groovy}.
2024-08-31 08:32:08.958  INFO 8090 --- [    Test worker] t.c.s.AnnotationConfigContextLoaderUtils : Could not detect default configuration classes for test class [com.mindex.challenge.service.impl.EmployeeServiceImplTest]: EmployeeServiceImplTest does not declare any static, non-private, non-final, nested classes annotated with @Configuration.
2024-08-31 08:32:08.976  INFO 8090 --- [    Test worker] .b.t.c.SpringBootTestContextBootstrapper : Found @SpringBootConfiguration com.mindex.challenge.ChallengeApplication for test class com.mindex.challenge.service.impl.EmployeeServiceImplTest
2024-08-31 08:32:08.981  INFO 8090 --- [    Test worker] .b.t.c.SpringBootTestContextBootstrapper : Loaded default TestExecutionListener class names from location [META-INF/spring.factories]: [org.springframework.boot.test.autoconfigure.restdocs.RestDocsTestExecutionListener, org.springframework.boot.test.autoconfigure.web.client.MockRestServiceServerResetTestExecutionListener, org.springframework.boot.test.autoconfigure.web.servlet.MockMvcPrintOnlyOnFailureTestExecutionListener, org.springframework.boot.test.autoconfigure.web.servlet.WebDriverTestExecutionListener, org.springframework.boot.test.mock.mockito.MockitoTestExecutionListener, org.springframework.boot.test.mock.mockito.ResetMocksTestExecutionListener, org.springframework.test.context.web.ServletTestExecutionListener, org.springframework.test.context.support.DirtiesContextBeforeModesTestExecutionListener, org.springframework.test.context.support.DependencyInjectionTestExecutionListener, org.springframework.test.context.support.DirtiesContextTestExecutionListener, org.springframework.test.context.transaction.TransactionalTestExecutionListener, org.springframework.test.context.jdbc.SqlScriptsTestExecutionListener, org.springframework.test.context.event.EventPublishingTestExecutionListener]
2024-08-31 08:32:08.982  INFO 8090 --- [    Test worker] .b.t.c.SpringBootTestContextBootstrapper : Using TestExecutionListeners: [org.springframework.test.context.web.ServletTestExecutionListener@28c2ead, org.springframework.test.context.support.DirtiesContextBeforeModesTestExecutionListener@7b5cbd09, org.springframework.boot.test.mock.mockito.MockitoTestExecutionListener@5e88004b, org.springframework.boot.test.autoconfigure.SpringBootDependencyInjectionTestExecutionListener@267a632e, org.springframework.test.context.support.DirtiesContextTestExecutionListener@45e0c80a, org.springframework.test.context.transaction.TransactionalTestExecutionListener@5b4a914a, org.springframework.test.context.jdbc.SqlScriptsTestExecutionListener@455e5830, org.springframework.test.context.event.EventPublishingTestExecutionListener@304820a6, org.springframework.boot.test.autoconfigure.restdocs.RestDocsTestExecutionListener@732b1e3d, org.springframework.boot.test.autoconfigure.web.client.MockRestServiceServerResetTestExecutionListener@7c6401d3, org.springframework.boot.test.autoconfigure.web.servlet.MockMvcPrintOnlyOnFailureTestExecutionListener@4b4c49b7, org.springframework.boot.test.autoconfigure.web.servlet.WebDriverTestExecutionListener@3a700d68, org.springframework.boot.test.mock.mockito.ResetMocksTestExecutionListener@110136ed]

  .   ____          _            __ _ _
 /\\ / ___'_ __ _ _(_)_ __  __ _ \ \ \ \
( ( )\___ | '_ | '_| | '_ \/ _` | \ \ \ \
 \\/  ___)| |_)| | | | | || (_| |  ) ) ) )
  '  |____| .__|_| |_|_| |_\__, | / / / /
 =========|_|==============|___/=/_/_/_/
 :: Spring Boot ::        (v2.2.0.RELEASE)

2024-08-31 08:32:09.018  INFO 8090 --- [    Test worker] c.m.c.s.impl.EmployeeServiceImplTest     : Starting EmployeeServiceImplTest on Jordans-MacBook-Air-2.local with PID 8090 (started by j in /Users/j/Downloads/mindex-java-code-challenge)
2024-08-31 08:32:09.018 DEBUG 8090 --- [    Test worker] c.m.c.s.impl.EmployeeServiceImplTest     : Running with Spring Boot v2.2.0.RELEASE, Spring v5.2.0.RELEASE
2024-08-31 08:32:09.019  INFO 8090 --- [    Test worker] c.m.c.s.impl.EmployeeServiceImplTest     : No active profile set, falling back to default profiles: default
2024-08-31 08:32:09.322  INFO 8090 --- [    Test worker] .s.d.r.c.RepositoryConfigurationDelegate : Bootstrapping Spring Data repositories in DEFAULT mode.
2024-08-31 08:32:09.357  INFO 8090 --- [    Test worker] .s.d.r.c.RepositoryConfigurationDelegate : Finished Spring Data repository scanning in 32ms. Found 2 repository interfaces.
2024-08-31 08:32:09.778  INFO 8090 --- [    Test worker] o.s.b.w.embedded.tomcat.TomcatWebServer  : Tomcat initialized with port(s): 0 (http)
2024-08-31 08:32:09.789  INFO 8090 --- [    Test worker] o.apache.catalina.core.StandardService   : Starting service [Tomcat]
2024-08-31 08:32:09.790  INFO 8090 --- [    Test worker] org.apache.catalina.core.StandardEngine  : Starting Servlet engine: [Apache Tomcat/9.0.27]
2024-08-31 08:32:09.873  INFO 8090 --- [    Test worker] o.a.c.c.C.[Tomcat].[localhost].[/]       : Initializing Spring embedded WebApplicationContext
2024-08-31 08:32:09.873  INFO 8090 --- [    Test worker] o.s.web.context.ContextLoader            : Root WebApplicationContext: initialization completed in 842 ms
2024-08-31 08:32:10.075  INFO 8090 --- [    Test worker] de.bwaldvogel.mongo.MongoServer          : started MongoServer(port: 55418, ssl: false)
2024-08-31 08:32:10.085  INFO 8090 --- [    Test worker] org.mongodb.driver.cluster               : Cluster created with settings {hosts=[127.0.0.1:55418], mode=SINGLE, requiredClusterType=UNKNOWN, serverSelectionTimeout='30000 ms', maxWaitQueueSize=500}
2024-08-31 08:32:10.097  INFO 8090 --- [-server-worker1] d.b.mongo.wire.MongoWireProtocolHandler  : client [id: 0x506cb449, L:/127.0.0.1:55418 - R:/127.0.0.1:55419] connected
2024-08-31 08:32:10.112  INFO 8090 --- [127.0.0.1:55418] org.mongodb.driver.connection            : Opened connection [connectionId{localValue:3}] to 127.0.0.1:55418
2024-08-31 08:32:10.117  INFO 8090 --- [127.0.0.1:55418] org.mongodb.driver.cluster               : Monitor thread successfully connected to server with description ServerDescription{address=127.0.0.1:55418, type=STANDALONE, state=CONNECTED, ok=true, version=ServerVersion{versionList=[3, 0, 0]}, minWireVersion=0, maxWireVersion=2, maxDocumentSize=16777216, logicalSessionTimeoutMinutes=null, roundTripTimeNanos=1718042}
2024-08-31 08:32:10.125  WARN 8090 --- [    Test worker] o.s.data.convert.CustomConversions       : Registering converter from class java.time.LocalDateTime to class java.time.Instant as reading converter although it doesn't convert from a store-supported type! You might wanna check you annotation setup at the converter implementation.
2024-08-31 08:32:10.125  WARN 8090 --- [    Test worker] o.s.data.convert.CustomConversions       : Registering converter from class java.time.Instant to class java.time.LocalDateTime as reading converter although it doesn't convert from a store-supported type! You might wanna check you annotation setup at the converter implementation.
2024-08-31 08:32:10.128  WARN 8090 --- [    Test worker] o.s.data.convert.CustomConversions       : Registering converter from class java.time.LocalDateTime to class java.time.Instant as reading converter although it doesn't convert from a store-supported type! You might wanna check you annotation setup at the converter implementation.
2024-08-31 08:32:10.129  WARN 8090 --- [    Test worker] o.s.data.convert.CustomConversions       : Registering converter from class java.time.Instant to class java.time.LocalDateTime as reading converter although it doesn't convert from a store-supported type! You might wanna check you annotation setup at the converter implementation.
2024-08-31 08:32:10.310  INFO 8090 --- [-server-worker2] d.b.mongo.wire.MongoWireProtocolHandler  : client [id: 0x77cdceed, L:/127.0.0.1:55418 - R:/127.0.0.1:55420] connected
2024-08-31 08:32:10.323  INFO 8090 --- [    Test worker] org.mongodb.driver.connection            : Opened connection [connectionId{localValue:4}] to 127.0.0.1:55418
2024-08-31 08:32:10.325  INFO 8090 --- [-server-worker2] d.b.mongo.backend.AbstractMongoBackend   : created database test
2024-08-31 08:32:10.326  INFO 8090 --- [-server-worker2] d.b.mongo.backend.AbstractMongoDatabase  : adding unique _id index for collection employee
2024-08-31 08:32:10.326  INFO 8090 --- [-server-worker2] d.b.mongo.backend.AbstractMongoDatabase  : created collection test.employee
2024-08-31 08:32:10.608  INFO 8090 --- [    Test worker] o.s.s.concurrent.ThreadPoolTaskExecutor  : Initializing ExecutorService 'applicationTaskExecutor'
2024-08-31 08:32:10.726  WARN 8090 --- [    Test worker] o.s.data.convert.CustomConversions       : Registering converter from class java.time.LocalDateTime to class java.time.Instant as reading converter although it doesn't convert from a store-supported type! You might wanna check you annotation setup at the converter implementation.
2024-08-31 08:32:10.728  WARN 8090 --- [    Test worker] o.s.data.convert.CustomConversions       : Registering converter from class java.time.Instant to class java.time.LocalDateTime as reading converter although it doesn't convert from a store-supported type! You might wanna check you annotation setup at the converter implementation.
2024-08-31 08:32:10.752  WARN 8090 --- [    Test worker] o.s.data.convert.CustomConversions       : Registering converter from class java.time.LocalDateTime to class java.time.Instant as reading converter although it doesn't convert from a store-supported type! You might wanna check you annotation setup at the converter implementation.
2024-08-31 08:32:10.752  WARN 8090 --- [    Test worker] o.s.data.convert.CustomConversions       : Registering converter from class java.time.Instant to class java.time.LocalDateTime as reading converter although it doesn't convert from a store-supported type! You might wanna check you annotation setup at the converter implementation.
2024-08-31 08:32:10.855  INFO 8090 --- [    Test worker] o.s.b.w.embedded.tomcat.TomcatWebServer  : Tomcat started on port(s): 55421 (http) with context path ''
2024-08-31 08:32:10.856  INFO 8090 --- [    Test worker] c.m.c.s.impl.EmployeeServiceImplTest     : Started EmployeeServiceImplTest in 1.871 seconds (JVM running for 7.746)
2024-08-31 08:32:10.997  INFO 8090 --- [o-auto-1-exec-1] o.a.c.c.C.[Tomcat].[localhost].[/]       : Initializing Spring DispatcherServlet 'dispatcherServlet'
2024-08-31 08:32:10.997  INFO 8090 --- [o-auto-1-exec-1] o.s.web.servlet.DispatcherServlet        : Initializing Servlet 'dispatcherServlet'
2024-08-31 08:32:11.045  INFO 8090 --- [o-auto-1-exec-1] o.s.web.servlet.DispatcherServlet        : Completed initialization in 48 ms
2024-08-31 08:32:11.110 DEBUG 8090 --- [o-auto-1-exec-1] c.m.c.controller.EmployeeController      : Received employee create request for [Employee{employeeId='null', firstName='John', lastName='Doe', position='Developer', department='Engineering', directReportsCount=0}]
2024-08-31 08:32:11.112 DEBUG 8090 --- [o-auto-1-exec-1] c.m.c.service.impl.EmployeeServiceImpl   : Creating employee [Employee{employeeId='null', firstName='John', lastName='Doe', position='Developer', department='Engineering', directReportsCount=0}]
2024-08-31 08:32:11.169 DEBUG 8090 --- [o-auto-1-exec-2] c.m.c.controller.EmployeeController      : Received employee get request for id [fb81c08e-9fe3-482c-a103-52233d145f63]
2024-08-31 08:32:11.170 DEBUG 8090 --- [o-auto-1-exec-2] c.m.c.service.impl.EmployeeServiceImpl   : Creating employee with id [fb81c08e-9fe3-482c-a103-52233d145f63]
2024-08-31 08:32:11.212 DEBUG 8090 --- [o-auto-1-exec-3] c.m.c.controller.EmployeeController      : Received employee update request for id [fb81c08e-9fe3-482c-a103-52233d145f63] and employee [Employee{employeeId='fb81c08e-9fe3-482c-a103-52233d145f63', firstName='John', lastName='Doe', position='Development Manager', department='Engineering', directReportsCount=0}]
2024-08-31 08:32:11.213 DEBUG 8090 --- [o-auto-1-exec-3] c.m.c.service.impl.EmployeeServiceImpl   : Updating employee [Employee{employeeId='fb81c08e-9fe3-482c-a103-52233d145f63', firstName='John', lastName='Doe', position='Development Manager', department='Engineering', directReportsCount=0}]
]]></system-out>
  <system-err><![CDATA[]]></system-err>
</testsuite>
